{"/home/benjamin/Desktop/capstone-backend/capstone-backend/modals/blogposts.js": {"path":"/home/benjamin/Desktop/capstone-backend/capstone-backend/modals/blogposts.js","statementMap":{"0":{"start":{"line":5,"column":19},"end":{"line":31,"column":20}},"1":{"start":{"line":35,"column":13},"end":{"line":35,"column":47}}},"fnMap":{},"branchMap":{},"s":{"0":1,"1":1},"f":{},"b":{},"_coverageSchema":"1a1c01bbd47fc00a2c39e90264f33305004495a9","hash":"02d509a21b8c0837279ea63855917de3fda3bfdb"}
,"/home/benjamin/Desktop/capstone-backend/capstone-backend/modals/users.js": {"path":"/home/benjamin/Desktop/capstone-backend/capstone-backend/modals/users.js","statementMap":{"0":{"start":{"line":8,"column":20},"end":{"line":36,"column":2}},"1":{"start":{"line":38,"column":0},"end":{"line":44,"column":2}},"2":{"start":{"line":39,"column":22},"end":{"line":42,"column":3}},"3":{"start":{"line":43,"column":2},"end":{"line":43,"column":21}},"4":{"start":{"line":47,"column":13},"end":{"line":47,"column":48}}},"fnMap":{"0":{"name":"(anonymous_0)","decl":{"start":{"line":38,"column":40},"end":{"line":38,"column":41}},"loc":{"start":{"line":38,"column":52},"end":{"line":44,"column":1}},"line":38}},"branchMap":{},"s":{"0":2,"1":2,"2":1,"3":1,"4":2},"f":{"0":1},"b":{},"_coverageSchema":"1a1c01bbd47fc00a2c39e90264f33305004495a9","hash":"8c2af7fb809ea6df3f743546efa60b21b120d461"}
,"/home/benjamin/Desktop/capstone-backend/capstone-backend/utils/server.js": {"path":"/home/benjamin/Desktop/capstone-backend/capstone-backend/utils/server.js","statementMap":{"0":{"start":{"line":4,"column":20},"end":{"line":11,"column":1}},"1":{"start":{"line":5,"column":16},"end":{"line":5,"column":25}},"2":{"start":{"line":6,"column":0},"end":{"line":6,"column":24}},"3":{"start":{"line":7,"column":0},"end":{"line":7,"column":48}},"4":{"start":{"line":8,"column":0},"end":{"line":8,"column":18}},"5":{"start":{"line":10,"column":0},"end":{"line":10,"column":11}}},"fnMap":{"0":{"name":"(anonymous_0)","decl":{"start":{"line":4,"column":20},"end":{"line":4,"column":21}},"loc":{"start":{"line":4,"column":24},"end":{"line":11,"column":1}},"line":4}},"branchMap":{},"s":{"0":2,"1":2,"2":2,"3":2,"4":2,"5":2},"f":{"0":2},"b":{},"_coverageSchema":"1a1c01bbd47fc00a2c39e90264f33305004495a9","hash":"e89b074011d6a1cfa6c70be19bbef71dd6fd3422"}
}
